LOADED SCENE: test_error_argument_count
SET METRO INTERVAL TO 200MS
METRO ACTIVATED
ERROR: ADD REQUIRES TWO OPERANDS
ERROR: FAILED TO EVALUATE SECOND OPERAND
ERROR: SUB REQUIRES TWO OPERANDS
ERROR: MAP REQUIRES FIVE ARGUMENTS
ERROR: RND REQUIRES A MAX VALUE
ERROR: RRND REQUIRES MIN AND MAX VALUES
Error: ERROR: SCRIPT REQUIRES NUMBER 1-8
ERROR: P.SCALE REQUIRES MIN AND MAX VALUES
ERROR: PN NEEDS PAT (0-5) AND IDX (0-63)
ERROR: PN.PUSH NEEDS PAT NUM AND VAL
ERROR: SLEW NEEDS PARAM AND TIME
ERROR: TOG REQUIRES AT LEAST TWO VALUES
ERROR: FAILED TO EVALUATE SECOND VALUE
0
RESET TO DEFAULTS
METRO DEACTIVATED
