LOADED SCENE: test_patterns
SET METRO INTERVAL TO 200MS
METRO ACTIVATED
METRO DEACTIVATED
0
8
0
ERROR: FAILED TO EVALUATE EXPRESSION
ERROR: FAILED TO EVALUATE EXPRESSION
ERROR: FAILED TO EVALUATE EXPRESSION
100
200
300
200
4
ERROR: FAILED TO EVALUATE EXPRESSION
ERROR: FAILED TO EVALUATE EXPRESSION
ERROR: FAILED TO EVALUATE EXPRESSION
0
0
SHUFFLED
ERROR: FAILED TO EVALUATE EXPRESSION
ERROR: FAILED TO EVALUATE EXPRESSION
ERROR: FAILED TO EVALUATE EXPRESSION
ERROR: FAILED TO EVALUATE EXPRESSION
ERROR: FAILED TO EVALUATE EXPRESSION
ERROR: FAILED TO EVALUATE EXPRESSION
10
90
250
50
2
-1
6
0
111
111
111
222
111
PN OPS DONE
ERROR: FAILED TO EVALUATE EXPRESSION
14
777
PN MANIP DONE
300
0
380
P>50
252
